Using pre-set license
Built from '2021.3/staging' branch; Version is '2021.3.22f1 (b6c551784ba3) revision 11978065'; Using compiler version '192829333'; Build Type 'Release'
OS: 'Windows 11  (10.0.22631) 64bit Enterprise' Language: 'en' Physical Memory: 32537 MB
BatchMode: 1, IsHumanControllingUs: 0, StartBugReporterOnCrash: 0, Is64bit: 1, IsPro: 1

COMMAND LINE ARGUMENTS:
C:\Program Files\Unity 2021.3.22f1\Editor\Unity.exe
-adb2
-batchMode
-noUpm
-name
AssetImportWorker3
-projectPath
C:/Users/FireyEcho/Documents/Unity Projects/FighterPlanes
-logFile
Logs/AssetImportWorker3.log
-srvPort
52639
Successfully changed project path to: C:/Users/FireyEcho/Documents/Unity Projects/FighterPlanes
C:/Users/FireyEcho/Documents/Unity Projects/FighterPlanes
[UnityMemory] Configuration Parameters - Can be set up in boot.config
    "memorysetup-bucket-allocator-granularity=16"
    "memorysetup-bucket-allocator-bucket-count=8"
    "memorysetup-bucket-allocator-block-size=33554432"
    "memorysetup-bucket-allocator-block-count=8"
    "memorysetup-main-allocator-block-size=16777216"
    "memorysetup-thread-allocator-block-size=16777216"
    "memorysetup-gfx-main-allocator-block-size=16777216"
    "memorysetup-gfx-thread-allocator-block-size=16777216"
    "memorysetup-cache-allocator-block-size=4194304"
    "memorysetup-typetree-allocator-block-size=2097152"
    "memorysetup-profiler-bucket-allocator-granularity=16"
    "memorysetup-profiler-bucket-allocator-bucket-count=8"
    "memorysetup-profiler-bucket-allocator-block-size=33554432"
    "memorysetup-profiler-bucket-allocator-block-count=8"
    "memorysetup-profiler-allocator-block-size=16777216"
    "memorysetup-profiler-editor-allocator-block-size=1048576"
    "memorysetup-temp-allocator-size-main=16777216"
    "memorysetup-job-temp-allocator-block-size=2097152"
    "memorysetup-job-temp-allocator-block-size-background=1048576"
    "memorysetup-job-temp-allocator-reduction-small-platforms=262144"
    "memorysetup-temp-allocator-size-background-worker=32768"
    "memorysetup-temp-allocator-size-job-worker=262144"
    "memorysetup-temp-allocator-size-preload-manager=33554432"
    "memorysetup-temp-allocator-size-nav-mesh-worker=65536"
    "memorysetup-temp-allocator-size-audio-worker=65536"
    "memorysetup-temp-allocator-size-cloud-worker=32768"
    "memorysetup-temp-allocator-size-gi-baking-worker=262144"
    "memorysetup-temp-allocator-size-gfx=262144"
Player connection [22072] Host "[IP] 192.168.1.77 [Port] 0 [Flags] 2 [Guid] 579362323 [EditorId] 579362323 [Version] 1048832 [Id] WindowsEditor(7,ethans-desktop) [Debug] 1 [PackageName] WindowsEditor [ProjectName] Editor" joined multi-casting on [225.0.0.222:54997]...

Player connection [22072] Host "[IP] 192.168.1.77 [Port] 0 [Flags] 2 [Guid] 579362323 [EditorId] 579362323 [Version] 1048832 [Id] WindowsEditor(7,ethans-desktop) [Debug] 1 [PackageName] WindowsEditor [ProjectName] Editor" joined alternative multi-casting on [225.0.0.222:34997]...

Refreshing native plugins compatible for Editor in 38.92 ms, found 3 plugins.
Preloading 0 native plugins for Editor in 0.00 ms.
Initialize engine version: 2021.3.22f1 (b6c551784ba3)
[Subsystems] Discovering subsystems at path C:/Program Files/Unity 2021.3.22f1/Editor/Data/Resources/UnitySubsystems
[Subsystems] Discovering subsystems at path C:/Users/FireyEcho/Documents/Unity Projects/FighterPlanes/Assets
GfxDevice: creating device client; threaded=0; jobified=0
Direct3D:
    Version:  Direct3D 11.0 [level 11.1]
    Renderer: NVIDIA GeForce RTX 4090 (ID=0x2684)
    Vendor:   NVIDIA
    VRAM:     24142 MB
    Driver:   32.0.15.6603
Initialize mono
Mono path[0] = 'C:/Program Files/Unity 2021.3.22f1/Editor/Data/Managed'
Mono path[1] = 'C:/Program Files/Unity 2021.3.22f1/Editor/Data/MonoBleedingEdge/lib/mono/unityjit-win32'
Mono config path = 'C:/Program Files/Unity 2021.3.22f1/Editor/Data/MonoBleedingEdge/etc'
Using monoOptions --debugger-agent=transport=dt_socket,embedding=1,server=y,suspend=n,address=127.0.0.1:56172
Begin MonoManager ReloadAssembly
Registering precompiled unity dll's ...
Register platform support module: C:/Program Files/Unity 2021.3.22f1/Editor/Data/PlaybackEngines/WebGLSupport/UnityEditor.WebGL.Extensions.dll
Register platform support module: C:/Program Files/Unity 2021.3.22f1/Editor/Data/PlaybackEngines/WindowsStandaloneSupport/UnityEditor.WindowsStandalone.Extensions.dll
Registered in 0.002541 seconds.
Native extension for WindowsStandalone target not found
Native extension for WebGL target not found
Refreshing native plugins compatible for Editor in 40.20 ms, found 3 plugins.
Preloading 0 native plugins for Editor in 0.00 ms.
Mono: successfully reloaded assembly
- Completed reload, in  0.337 seconds
Domain Reload Profiling:
	ReloadAssembly (338ms)
		BeginReloadAssembly (47ms)
			ExecutionOrderSort (0ms)
			DisableScriptedObjects (0ms)
			BackupInstance (0ms)
			ReleaseScriptingObjects (0ms)
			CreateAndSetChildDomain (0ms)
		EndReloadAssembly (240ms)
			LoadAssemblies (46ms)
			RebuildTransferFunctionScriptingTraits (0ms)
			SetupTypeCache (54ms)
			ReleaseScriptCaches (0ms)
			RebuildScriptCaches (14ms)
			SetupLoadedEditorAssemblies (145ms)
				LogAssemblyErrors (0ms)
				InitializePlatformSupportModulesInManaged (5ms)
				SetLoadedEditorAssemblies (0ms)
				RefreshPlugins (40ms)
				BeforeProcessingInitializeOnLoad (1ms)
				ProcessInitializeOnLoadAttributes (75ms)
				ProcessInitializeOnLoadMethodAttributes (24ms)
				AfterProcessingInitializeOnLoad (0ms)
				EditorAssembliesLoaded (0ms)
			ExecutionOrderSort2 (0ms)
			AwakeInstancesAfterBackupRestoration (0ms)
Platform modules already initialized, skipping
Registering precompiled user dll's ...
Registered in 0.002642 seconds.
Begin MonoManager ReloadAssembly
Symbol file LoadedFromMemory doesn't match image C:\Users\FireyEcho\Documents\Unity Projects\FighterPlanes\Library\PackageCache\com.unity.visualscripting@1.8.0\Editor\VisualScripting.Core\Dependencies\YamlDotNet\Unity.VisualScripting.YamlDotNet.dll
Symbol file LoadedFromMemory doesn't match image C:\Users\FireyEcho\Documents\Unity Projects\FighterPlanes\Library\PackageCache\com.unity.visualscripting@1.8.0\Editor\VisualScripting.Core\Dependencies\DotNetZip\Unity.VisualScripting.IonicZip.dll
Native extension for WindowsStandalone target not found
Native extension for WebGL target not found
Refreshing native plugins compatible for Editor in 0.33 ms, found 3 plugins.
Preloading 0 native plugins for Editor in 0.00 ms.
Mono: successfully reloaded assembly
- Completed reload, in  0.524 seconds
Domain Reload Profiling:
	ReloadAssembly (525ms)
		BeginReloadAssembly (64ms)
			ExecutionOrderSort (0ms)
			DisableScriptedObjects (3ms)
			BackupInstance (0ms)
			ReleaseScriptingObjects (0ms)
			CreateAndSetChildDomain (10ms)
		EndReloadAssembly (403ms)
			LoadAssemblies (46ms)
			RebuildTransferFunctionScriptingTraits (0ms)
			SetupTypeCache (133ms)
			ReleaseScriptCaches (0ms)
			RebuildScriptCaches (25ms)
			SetupLoadedEditorAssemblies (182ms)
				LogAssemblyErrors (0ms)
				InitializePlatformSupportModulesInManaged (3ms)
				SetLoadedEditorAssemblies (0ms)
				RefreshPlugins (0ms)
				BeforeProcessingInitializeOnLoad (41ms)
				ProcessInitializeOnLoadAttributes (122ms)
				ProcessInitializeOnLoadMethodAttributes (10ms)
				AfterProcessingInitializeOnLoad (5ms)
				EditorAssembliesLoaded (0ms)
			ExecutionOrderSort2 (0ms)
			AwakeInstancesAfterBackupRestoration (4ms)
Platform modules already initialized, skipping
========================================================================
Worker process is ready to serve import requests
Launched and connected shader compiler UnityShaderCompiler.exe after 0.03 seconds
Refreshing native plugins compatible for Editor in 0.35 ms, found 3 plugins.
Preloading 0 native plugins for Editor in 0.00 ms.
Unloading 3059 Unused Serialized files (Serialized files now loaded: 0)
Unloading 22 unused Assets / (56.1 KB). Loaded Objects now: 3521.
Memory consumption went from 107.8 MB to 107.8 MB.
Total: 2.034100 ms (FindLiveObjects: 0.140800 ms CreateObjectMapping: 0.042500 ms MarkObjects: 1.789600 ms  DeleteObjects: 0.060600 ms)

AssetImportParameters requested are different than current active one (requested -> active):
  custom:video-decoder-ogg-theora: a1e56fd34408186e4bbccfd4996cb3dc -> 
  custom:container-muxer-webm: aa71ff27fc2769a1b78a27578f13a17b -> 
  custom:container-demuxer-webm: 4f35f7cbe854078d1ac9338744f61a02 -> 
  custom:video-encoder-webm-vp8: eb34c28f22e8b96e1ab97ce403110664 -> 
  custom:audio-encoder-webm-vorbis: bf7c407c2cedff20999df2af8eb42d56 -> 
  custom:framework-win-MediaFoundation: 216162199b28c13a410421893ffa2e32 -> 
  custom:container-demuxer-ogg: 62fdf1f143b41e24485cea50d1cbac27 -> 
  custom:video-decoder-webm-vp8: 9c59270c3fd7afecdb556c50c9e8de78 -> 
  custom:audio-decoder-ogg-vorbis: bf7c407c2cedff20999df2af8eb42d56 -> 
========================================================================
Received Import Request.
  Time since last request: 18448.034832 seconds.
  path: Assets/Sprites/Coin/frame-4.png
  artifactKey: Guid(7451d70cf4dd94c44b954216141330ee) Importer(815301076,1909f56bfc062723c751e8b465ee728b)
Start importing Assets/Sprites/Coin/frame-4.png using Guid(7451d70cf4dd94c44b954216141330ee) Importer(815301076,1909f56bfc062723c751e8b465ee728b)  -> (artifact id: '4000835af167ed5929ce1afadf30a5b7') in 0.041699 seconds 
========================================================================
Received Import Request.
  Time since last request: 0.000017 seconds.
  path: Assets/Sprites/Coin/frame-7.png
  artifactKey: Guid(3c3c462c7f7ca2643a38048c5befd44b) Importer(815301076,1909f56bfc062723c751e8b465ee728b)
Start importing Assets/Sprites/Coin/frame-7.png using Guid(3c3c462c7f7ca2643a38048c5befd44b) Importer(815301076,1909f56bfc062723c751e8b465ee728b)  -> (artifact id: '725b945730d34ce9c3b07928bea5beab') in 0.008586 seconds 
========================================================================
Received Import Request.
  Time since last request: 0.436771 seconds.
  path: Assets/Sprites/Explosion/Explosion_00003.png
  artifactKey: Guid(6b2b0450a44f01e4d9ed3dcba3d243a7) Importer(815301076,1909f56bfc062723c751e8b465ee728b)
Start importing Assets/Sprites/Explosion/Explosion_00003.png using Guid(6b2b0450a44f01e4d9ed3dcba3d243a7) Importer(815301076,1909f56bfc062723c751e8b465ee728b)  -> (artifact id: 'bb8194dbceae494f01cd9351d535b1da') in 0.024511 seconds 
========================================================================
Received Import Request.
  Time since last request: 0.000015 seconds.
  path: Assets/Sprites/Explosion/Explosion_00050.png
  artifactKey: Guid(f28f5df006866e74c9acc26de67c98f9) Importer(815301076,1909f56bfc062723c751e8b465ee728b)
Start importing Assets/Sprites/Explosion/Explosion_00050.png using Guid(f28f5df006866e74c9acc26de67c98f9) Importer(815301076,1909f56bfc062723c751e8b465ee728b)  -> (artifact id: '43abd27ac46c25c3daf4617c4df12a33') in 0.009548 seconds 
========================================================================
Received Import Request.
  Time since last request: 0.000013 seconds.
  path: Assets/Sprites/Explosion/Explosion_00020.png
  artifactKey: Guid(d9fc0953e1cc3794facf62604fe5e003) Importer(815301076,1909f56bfc062723c751e8b465ee728b)
Start importing Assets/Sprites/Explosion/Explosion_00020.png using Guid(d9fc0953e1cc3794facf62604fe5e003) Importer(815301076,1909f56bfc062723c751e8b465ee728b)  -> (artifact id: 'fbb367c2989d80f898104d3bf0ed2b71') in 0.009672 seconds 
========================================================================
Received Import Request.
  Time since last request: 0.000015 seconds.
  path: Assets/Sprites/Explosion/Explosion_00038.png
  artifactKey: Guid(260e14ab7473aea448b3380c48aabfef) Importer(815301076,1909f56bfc062723c751e8b465ee728b)
Start importing Assets/Sprites/Explosion/Explosion_00038.png using Guid(260e14ab7473aea448b3380c48aabfef) Importer(815301076,1909f56bfc062723c751e8b465ee728b)  -> (artifact id: 'c296d79b465025cb41ad27258302279a') in 0.009336 seconds 
========================================================================
Received Import Request.
  Time since last request: 0.000013 seconds.
  path: Assets/Sprites/Explosion/Explosion_00074.png
  artifactKey: Guid(e5926ee599d8e804c9d6b846bc8052d3) Importer(815301076,1909f56bfc062723c751e8b465ee728b)
Start importing Assets/Sprites/Explosion/Explosion_00074.png using Guid(e5926ee599d8e804c9d6b846bc8052d3) Importer(815301076,1909f56bfc062723c751e8b465ee728b)  -> (artifact id: '1ca01dee0d1adf2acbf577485b9872d2') in 0.009136 seconds 
========================================================================
Received Import Request.
  Time since last request: 0.000013 seconds.
  path: Assets/Sprites/Explosion/Explosion_00094.png
  artifactKey: Guid(05eff56de981f9c479e8c601a2fb25f4) Importer(815301076,1909f56bfc062723c751e8b465ee728b)
Start importing Assets/Sprites/Explosion/Explosion_00094.png using Guid(05eff56de981f9c479e8c601a2fb25f4) Importer(815301076,1909f56bfc062723c751e8b465ee728b)  -> (artifact id: '0ab40343e25c5c233af4807d88fd9326') in 0.007347 seconds 
========================================================================
Received Import Request.
  Time since last request: 0.000012 seconds.
  path: Assets/Sprites/Explosion/Explosion_00039.png
  artifactKey: Guid(a62f651af7749a841922e89772eba272) Importer(815301076,1909f56bfc062723c751e8b465ee728b)
Start importing Assets/Sprites/Explosion/Explosion_00039.png using Guid(a62f651af7749a841922e89772eba272) Importer(815301076,1909f56bfc062723c751e8b465ee728b)  -> (artifact id: 'c9fc82812d11e4cfeac8dce93835d541') in 0.008564 seconds 
========================================================================
Received Import Request.
  Time since last request: 0.000017 seconds.
  path: Assets/Sprites/Explosion/Explosion_00007.png
  artifactKey: Guid(fb8c68540673b3244995f28987de968f) Importer(815301076,1909f56bfc062723c751e8b465ee728b)
Start importing Assets/Sprites/Explosion/Explosion_00007.png using Guid(fb8c68540673b3244995f28987de968f) Importer(815301076,1909f56bfc062723c751e8b465ee728b)  -> (artifact id: '86d4b5ce8e7720aa3acbb3084e5b4040') in 0.007681 seconds 
========================================================================
Received Import Request.
  Time since last request: 0.000011 seconds.
  path: Assets/Sprites/Explosion/Explosion_00081.png
  artifactKey: Guid(0cb0662523c43a74f94cee429bad26e3) Importer(815301076,1909f56bfc062723c751e8b465ee728b)
Start importing Assets/Sprites/Explosion/Explosion_00081.png using Guid(0cb0662523c43a74f94cee429bad26e3) Importer(815301076,1909f56bfc062723c751e8b465ee728b)  -> (artifact id: 'cf99e5b6114967ff2f0f86f86ec00375') in 0.008648 seconds 
========================================================================
Received Import Request.
  Time since last request: 0.000012 seconds.
  path: Assets/Sprites/Explosion/Explosion_00041.png
  artifactKey: Guid(d7d02f43a57661c41ac671d6a506fa3c) Importer(815301076,1909f56bfc062723c751e8b465ee728b)
Start importing Assets/Sprites/Explosion/Explosion_00041.png using Guid(d7d02f43a57661c41ac671d6a506fa3c) Importer(815301076,1909f56bfc062723c751e8b465ee728b)  -> (artifact id: '288f800f06214b5e74c9c645a1c7c27b') in 0.008902 seconds 
========================================================================
Received Import Request.
  Time since last request: 0.000013 seconds.
  path: Assets/Sprites/Explosion/Explosion_00044.png
  artifactKey: Guid(2fd2859fb16c76847a7d719f7cc06fc5) Importer(815301076,1909f56bfc062723c751e8b465ee728b)
Start importing Assets/Sprites/Explosion/Explosion_00044.png using Guid(2fd2859fb16c76847a7d719f7cc06fc5) Importer(815301076,1909f56bfc062723c751e8b465ee728b)  -> (artifact id: '2673cdaa36341991c3dc2b21f7cdea1f') in 0.008956 seconds 
========================================================================
Received Import Request.
  Time since last request: 0.000014 seconds.
  path: Assets/Sprites/Explosion/Explosion_00054.png
  artifactKey: Guid(284f2eca357ff934eb84b8fbd90dfb75) Importer(815301076,1909f56bfc062723c751e8b465ee728b)
Start importing Assets/Sprites/Explosion/Explosion_00054.png using Guid(284f2eca357ff934eb84b8fbd90dfb75) Importer(815301076,1909f56bfc062723c751e8b465ee728b)  -> (artifact id: '8a2525458084b7dbb9aa24c1ebe49279') in 0.009421 seconds 
========================================================================
Received Import Request.
  Time since last request: 0.000011 seconds.
  path: Assets/Sprites/Explosion/Explosion_00040.png
  artifactKey: Guid(ae319b8d169f30841952957963ab62a8) Importer(815301076,1909f56bfc062723c751e8b465ee728b)
Start importing Assets/Sprites/Explosion/Explosion_00040.png using Guid(ae319b8d169f30841952957963ab62a8) Importer(815301076,1909f56bfc062723c751e8b465ee728b)  -> (artifact id: '932885c043e3f138f364ecb0e19926e3') in 0.008913 seconds 
========================================================================
Received Import Request.
  Time since last request: 0.000048 seconds.
  path: Assets/Sprites/Explosion/Explosion_00015.png
  artifactKey: Guid(15ff9357a528dfa42a317bb946e7e192) Importer(815301076,1909f56bfc062723c751e8b465ee728b)
Start importing Assets/Sprites/Explosion/Explosion_00015.png using Guid(15ff9357a528dfa42a317bb946e7e192) Importer(815301076,1909f56bfc062723c751e8b465ee728b)  -> (artifact id: 'bcf7745352f3988df1b2568fa230cadf') in 0.009099 seconds 
========================================================================
Received Import Request.
  Time since last request: 0.000013 seconds.
  path: Assets/Sprites/Explosion/Explosion_00024.png
  artifactKey: Guid(aad6e640045b93446ad402abb23f8a2d) Importer(815301076,1909f56bfc062723c751e8b465ee728b)
Start importing Assets/Sprites/Explosion/Explosion_00024.png using Guid(aad6e640045b93446ad402abb23f8a2d) Importer(815301076,1909f56bfc062723c751e8b465ee728b)  -> (artifact id: '338decd8bf7235df99cebfa7f8eb5fe2') in 0.009364 seconds 
========================================================================
Received Import Request.
  Time since last request: 0.000016 seconds.
  path: Assets/Sprites/Explosion/Explosion_00043.png
  artifactKey: Guid(7b072aaf854ddd7428196520438cff41) Importer(815301076,1909f56bfc062723c751e8b465ee728b)
Start importing Assets/Sprites/Explosion/Explosion_00043.png using Guid(7b072aaf854ddd7428196520438cff41) Importer(815301076,1909f56bfc062723c751e8b465ee728b)  -> (artifact id: '9d12aca4cacb55cce586de7449b7e55a') in 0.009701 seconds 
========================================================================
Received Import Request.
  Time since last request: 0.000018 seconds.
  path: Assets/Sprites/Explosion/Explosion_00092.png
  artifactKey: Guid(a43eda8d297086246a3fcf7be3fa6d8b) Importer(815301076,1909f56bfc062723c751e8b465ee728b)
Start importing Assets/Sprites/Explosion/Explosion_00092.png using Guid(a43eda8d297086246a3fcf7be3fa6d8b) Importer(815301076,1909f56bfc062723c751e8b465ee728b)  -> (artifact id: '80cbe8ecb9bfa1a965e0dcc2ecbfa73d') in 0.008898 seconds 
========================================================================
Received Import Request.
  Time since last request: 0.000014 seconds.
  path: Assets/Sprites/Explosion/Explosion_00080.png
  artifactKey: Guid(b2b06843def6c6f4aa3ac72b69109873) Importer(815301076,1909f56bfc062723c751e8b465ee728b)
Start importing Assets/Sprites/Explosion/Explosion_00080.png using Guid(b2b06843def6c6f4aa3ac72b69109873) Importer(815301076,1909f56bfc062723c751e8b465ee728b)  -> (artifact id: '652cba4ac6cd69ac0c456438a708fce6') in 0.009203 seconds 
========================================================================
Received Import Request.
  Time since last request: 0.000013 seconds.
  path: Assets/Sprites/Explosion/Explosion_00029.png
  artifactKey: Guid(538817e821416cd44925f4159c619143) Importer(815301076,1909f56bfc062723c751e8b465ee728b)
Start importing Assets/Sprites/Explosion/Explosion_00029.png using Guid(538817e821416cd44925f4159c619143) Importer(815301076,1909f56bfc062723c751e8b465ee728b)  -> (artifact id: '834c7cc42b96ef3bcb9cef02f35cfbf3') in 0.010608 seconds 
========================================================================
Received Import Request.
  Time since last request: 0.000012 seconds.
  path: Assets/Sprites/Explosion/Explosion_00005.png
  artifactKey: Guid(4a875deedf9da7b43ac14ed850884173) Importer(815301076,1909f56bfc062723c751e8b465ee728b)
Start importing Assets/Sprites/Explosion/Explosion_00005.png using Guid(4a875deedf9da7b43ac14ed850884173) Importer(815301076,1909f56bfc062723c751e8b465ee728b)  -> (artifact id: '19efefd974318750a6fb976298d0ef81') in 0.008358 seconds 
========================================================================
Received Import Request.
  Time since last request: 0.000013 seconds.
  path: Assets/Sprites/Explosion/Explosion_00072.png
  artifactKey: Guid(c9991fef6b7ff7e4ca97dee6b68f519f) Importer(815301076,1909f56bfc062723c751e8b465ee728b)
Start importing Assets/Sprites/Explosion/Explosion_00072.png using Guid(c9991fef6b7ff7e4ca97dee6b68f519f) Importer(815301076,1909f56bfc062723c751e8b465ee728b)  -> (artifact id: '233bd42872769b0da2966a486ad5ade7') in 0.010670 seconds 
========================================================================
Received Import Request.
  Time since last request: 0.000050 seconds.
  path: Assets/Sprites/Explosion/Explosion_00085.png
  artifactKey: Guid(7b28a8847059ae34f95996756a56951f) Importer(815301076,1909f56bfc062723c751e8b465ee728b)
Start importing Assets/Sprites/Explosion/Explosion_00085.png using Guid(7b28a8847059ae34f95996756a56951f) Importer(815301076,1909f56bfc062723c751e8b465ee728b)  -> (artifact id: '89c0796dfa23faf050a1c477739d52ba') in 0.010172 seconds 
========================================================================
Received Import Request.
  Time since last request: 0.000013 seconds.
  path: Assets/Sprites/Explosion/Explosion_00027.png
  artifactKey: Guid(f997a0f515c5daf499810c1923b02b1e) Importer(815301076,1909f56bfc062723c751e8b465ee728b)
Start importing Assets/Sprites/Explosion/Explosion_00027.png using Guid(f997a0f515c5daf499810c1923b02b1e) Importer(815301076,1909f56bfc062723c751e8b465ee728b)  -> (artifact id: 'b2dd052cffcd381cda55e5f2357790c2') in 0.018577 seconds 
========================================================================
Received Import Request.
  Time since last request: 0.000012 seconds.
  path: Assets/Sprites/Explosion/Explosion_00097.png
  artifactKey: Guid(f8592ac94b4069e43bec40388508b7e6) Importer(815301076,1909f56bfc062723c751e8b465ee728b)
Start importing Assets/Sprites/Explosion/Explosion_00097.png using Guid(f8592ac94b4069e43bec40388508b7e6) Importer(815301076,1909f56bfc062723c751e8b465ee728b)  -> (artifact id: 'd577091d3e9d0ca83c8d8427b61de859') in 0.009769 seconds 
========================================================================
Received Import Request.
  Time since last request: 0.000014 seconds.
  path: Assets/Sprites/Explosion/Explosion_00018.png
  artifactKey: Guid(fe88b5ebb34e4694a9ef221dfee66ab8) Importer(815301076,1909f56bfc062723c751e8b465ee728b)
Start importing Assets/Sprites/Explosion/Explosion_00018.png using Guid(fe88b5ebb34e4694a9ef221dfee66ab8) Importer(815301076,1909f56bfc062723c751e8b465ee728b)  -> (artifact id: '2d85ff550b96477cea398bfa7feef183') in 0.009379 seconds 
========================================================================
Received Import Request.
  Time since last request: 0.000013 seconds.
  path: Assets/Sprites/Explosion/Explosion_00090.png
  artifactKey: Guid(c97f207be6018604d88323e220a30865) Importer(815301076,1909f56bfc062723c751e8b465ee728b)
Start importing Assets/Sprites/Explosion/Explosion_00090.png using Guid(c97f207be6018604d88323e220a30865) Importer(815301076,1909f56bfc062723c751e8b465ee728b)  -> (artifact id: 'f187987144edc23287d431aae2aa8e5a') in 0.009379 seconds 
========================================================================
Received Import Request.
  Time since last request: 0.717348 seconds.
  path: Assets/Sprites/Health/frame-4.png
  artifactKey: Guid(e625ea2c15dfc90438c97899de191798) Importer(815301076,1909f56bfc062723c751e8b465ee728b)
Start importing Assets/Sprites/Health/frame-4.png using Guid(e625ea2c15dfc90438c97899de191798) Importer(815301076,1909f56bfc062723c751e8b465ee728b)  -> (artifact id: '8fa365a8bc6806110d294afd3f946131') in 0.009460 seconds 
========================================================================
Received Import Request.
  Time since last request: 0.000015 seconds.
  path: Assets/Sprites/Health/frame-8.png
  artifactKey: Guid(d665f8a74707ded4d90b011bb8f3959e) Importer(815301076,1909f56bfc062723c751e8b465ee728b)
Start importing Assets/Sprites/Health/frame-8.png using Guid(d665f8a74707ded4d90b011bb8f3959e) Importer(815301076,1909f56bfc062723c751e8b465ee728b)  -> (artifact id: '3cdf28a467f3f0a65d0e54abb17d9d55') in 0.008614 seconds 
========================================================================
Received Import Request.
  Time since last request: 1.861827 seconds.
  path: Assets/Sprites/Player_Shield/Shields_00005.png
  artifactKey: Guid(1e02db748a5a23a4c826756e7e2563ab) Importer(815301076,1909f56bfc062723c751e8b465ee728b)
Start importing Assets/Sprites/Player_Shield/Shields_00005.png using Guid(1e02db748a5a23a4c826756e7e2563ab) Importer(815301076,1909f56bfc062723c751e8b465ee728b)  -> (artifact id: 'ae71a22270b986d2a053e14dfb2dda12') in 0.011737 seconds 
========================================================================
Received Import Request.
  Time since last request: 0.000019 seconds.
  path: Assets/Sprites/Player_Shield/Shields_00008.png
  artifactKey: Guid(f15e4b951284afc48887d04ddbcac7ac) Importer(815301076,1909f56bfc062723c751e8b465ee728b)
Start importing Assets/Sprites/Player_Shield/Shields_00008.png using Guid(f15e4b951284afc48887d04ddbcac7ac) Importer(815301076,1909f56bfc062723c751e8b465ee728b)  -> (artifact id: 'c8f20ccb9ef94ff5a79955151ac2d7e4') in 0.009155 seconds 
========================================================================
Received Import Request.
  Time since last request: 0.000013 seconds.
  path: Assets/Sprites/Player_Shield/Shields_00012.png
  artifactKey: Guid(f9e3d37031d22a542b07a2f6e9d338b7) Importer(815301076,1909f56bfc062723c751e8b465ee728b)
Start importing Assets/Sprites/Player_Shield/Shields_00012.png using Guid(f9e3d37031d22a542b07a2f6e9d338b7) Importer(815301076,1909f56bfc062723c751e8b465ee728b)  -> (artifact id: 'fffa5c07abc70c775c00853b7cec4156') in 0.015140 seconds 
========================================================================
Received Import Request.
  Time since last request: 0.697341 seconds.
  path: Assets/Sprites/Power Ups/frame-6.png
  artifactKey: Guid(fede5f1c7ccce4d4289556aefb8b75e6) Importer(815301076,1909f56bfc062723c751e8b465ee728b)
Start importing Assets/Sprites/Power Ups/frame-6.png using Guid(fede5f1c7ccce4d4289556aefb8b75e6) Importer(815301076,1909f56bfc062723c751e8b465ee728b)  -> (artifact id: 'dd863c6b9fb67d4ba43ed07fc260fd52') in 0.011480 seconds 
========================================================================
Received Import Request.
  Time since last request: 0.738256 seconds.
  path: Assets/Sprites/Thruster/Thruster_00005.png
  artifactKey: Guid(1ba26f2f2acd94543a0400e6e6c762f7) Importer(815301076,1909f56bfc062723c751e8b465ee728b)
Start importing Assets/Sprites/Thruster/Thruster_00005.png using Guid(1ba26f2f2acd94543a0400e6e6c762f7) Importer(815301076,1909f56bfc062723c751e8b465ee728b)  -> (artifact id: 'ff9ba0e800f4b05d6e7794c06aa10da4') in 0.012724 seconds 
========================================================================
Received Import Request.
  Time since last request: 0.000010 seconds.
  path: Assets/Sprites/Thruster/Thruster_00013.png
  artifactKey: Guid(2885db989c769bd46a48d6d635f13063) Importer(815301076,1909f56bfc062723c751e8b465ee728b)
Start importing Assets/Sprites/Thruster/Thruster_00013.png using Guid(2885db989c769bd46a48d6d635f13063) Importer(815301076,1909f56bfc062723c751e8b465ee728b)  -> (artifact id: '1fbbcc95c0654d2fa5e205b884ead836') in 0.011499 seconds 
========================================================================
Received Import Request.
  Time since last request: 0.000010 seconds.
  path: Assets/Sprites/Thruster/Thruster_00009.png
  artifactKey: Guid(8ea90149e8eec55409c2b5d2c8b447bf) Importer(815301076,1909f56bfc062723c751e8b465ee728b)
Start importing Assets/Sprites/Thruster/Thruster_00009.png using Guid(8ea90149e8eec55409c2b5d2c8b447bf) Importer(815301076,1909f56bfc062723c751e8b465ee728b)  -> (artifact id: '97e0cbeb334b7c8ba83af58b6d8b064b') in 0.008754 seconds 
Editor requested this worker to shutdown with reason: Scaling down because of idle timeout
AssetImportWorker is now disconnected from the server
Process exiting
Exiting without the bug reporter. Application will terminate with return code 0