Using pre-set license
Built from '2021.3/staging' branch; Version is '2021.3.22f1 (b6c551784ba3) revision 11978065'; Using compiler version '192829333'; Build Type 'Release'
OS: 'Windows 11  (10.0.22631) 64bit Enterprise' Language: 'en' Physical Memory: 32537 MB
BatchMode: 1, IsHumanControllingUs: 0, StartBugReporterOnCrash: 0, Is64bit: 1, IsPro: 1

COMMAND LINE ARGUMENTS:
C:\Program Files\Unity 2021.3.22f1\Editor\Unity.exe
-adb2
-batchMode
-noUpm
-name
AssetImportWorker1
-projectPath
C:/Users/FireyEcho/Documents/Unity Projects/FighterPlanes
-logFile
Logs/AssetImportWorker1.log
-srvPort
52639
Successfully changed project path to: C:/Users/FireyEcho/Documents/Unity Projects/FighterPlanes
C:/Users/FireyEcho/Documents/Unity Projects/FighterPlanes
[UnityMemory] Configuration Parameters - Can be set up in boot.config
    "memorysetup-bucket-allocator-granularity=16"
    "memorysetup-bucket-allocator-bucket-count=8"
    "memorysetup-bucket-allocator-block-size=33554432"
    "memorysetup-bucket-allocator-block-count=8"
    "memorysetup-main-allocator-block-size=16777216"
    "memorysetup-thread-allocator-block-size=16777216"
    "memorysetup-gfx-main-allocator-block-size=16777216"
    "memorysetup-gfx-thread-allocator-block-size=16777216"
    "memorysetup-cache-allocator-block-size=4194304"
    "memorysetup-typetree-allocator-block-size=2097152"
    "memorysetup-profiler-bucket-allocator-granularity=16"
    "memorysetup-profiler-bucket-allocator-bucket-count=8"
    "memorysetup-profiler-bucket-allocator-block-size=33554432"
    "memorysetup-profiler-bucket-allocator-block-count=8"
    "memorysetup-profiler-allocator-block-size=16777216"
    "memorysetup-profiler-editor-allocator-block-size=1048576"
    "memorysetup-temp-allocator-size-main=16777216"
    "memorysetup-job-temp-allocator-block-size=2097152"
    "memorysetup-job-temp-allocator-block-size-background=1048576"
    "memorysetup-job-temp-allocator-reduction-small-platforms=262144"
    "memorysetup-temp-allocator-size-background-worker=32768"
    "memorysetup-temp-allocator-size-job-worker=262144"
    "memorysetup-temp-allocator-size-preload-manager=33554432"
    "memorysetup-temp-allocator-size-nav-mesh-worker=65536"
    "memorysetup-temp-allocator-size-audio-worker=65536"
    "memorysetup-temp-allocator-size-cloud-worker=32768"
    "memorysetup-temp-allocator-size-gi-baking-worker=262144"
    "memorysetup-temp-allocator-size-gfx=262144"
Player connection [9380] Host "[IP] 192.168.1.77 [Port] 0 [Flags] 2 [Guid] 3727989141 [EditorId] 3727989141 [Version] 1048832 [Id] WindowsEditor(7,ethans-desktop) [Debug] 1 [PackageName] WindowsEditor [ProjectName] Editor" joined multi-casting on [225.0.0.222:54997]...

Player connection [9380] Host "[IP] 192.168.1.77 [Port] 0 [Flags] 2 [Guid] 3727989141 [EditorId] 3727989141 [Version] 1048832 [Id] WindowsEditor(7,ethans-desktop) [Debug] 1 [PackageName] WindowsEditor [ProjectName] Editor" joined alternative multi-casting on [225.0.0.222:34997]...

Refreshing native plugins compatible for Editor in 41.06 ms, found 3 plugins.
Preloading 0 native plugins for Editor in 0.00 ms.
Initialize engine version: 2021.3.22f1 (b6c551784ba3)
[Subsystems] Discovering subsystems at path C:/Program Files/Unity 2021.3.22f1/Editor/Data/Resources/UnitySubsystems
[Subsystems] Discovering subsystems at path C:/Users/FireyEcho/Documents/Unity Projects/FighterPlanes/Assets
GfxDevice: creating device client; threaded=0; jobified=0
Direct3D:
    Version:  Direct3D 11.0 [level 11.1]
    Renderer: NVIDIA GeForce RTX 4090 (ID=0x2684)
    Vendor:   NVIDIA
    VRAM:     24142 MB
    Driver:   32.0.15.6603
Initialize mono
Mono path[0] = 'C:/Program Files/Unity 2021.3.22f1/Editor/Data/Managed'
Mono path[1] = 'C:/Program Files/Unity 2021.3.22f1/Editor/Data/MonoBleedingEdge/lib/mono/unityjit-win32'
Mono config path = 'C:/Program Files/Unity 2021.3.22f1/Editor/Data/MonoBleedingEdge/etc'
Using monoOptions --debugger-agent=transport=dt_socket,embedding=1,server=y,suspend=n,address=127.0.0.1:56900
Begin MonoManager ReloadAssembly
Registering precompiled unity dll's ...
Register platform support module: C:/Program Files/Unity 2021.3.22f1/Editor/Data/PlaybackEngines/WebGLSupport/UnityEditor.WebGL.Extensions.dll
Register platform support module: C:/Program Files/Unity 2021.3.22f1/Editor/Data/PlaybackEngines/WindowsStandaloneSupport/UnityEditor.WindowsStandalone.Extensions.dll
Registered in 0.002494 seconds.
Native extension for WindowsStandalone target not found
Native extension for WebGL target not found
Refreshing native plugins compatible for Editor in 41.22 ms, found 3 plugins.
Preloading 0 native plugins for Editor in 0.00 ms.
Mono: successfully reloaded assembly
- Completed reload, in  0.358 seconds
Domain Reload Profiling:
	ReloadAssembly (358ms)
		BeginReloadAssembly (50ms)
			ExecutionOrderSort (0ms)
			DisableScriptedObjects (0ms)
			BackupInstance (0ms)
			ReleaseScriptingObjects (0ms)
			CreateAndSetChildDomain (0ms)
		EndReloadAssembly (256ms)
			LoadAssemblies (48ms)
			RebuildTransferFunctionScriptingTraits (0ms)
			SetupTypeCache (59ms)
			ReleaseScriptCaches (0ms)
			RebuildScriptCaches (15ms)
			SetupLoadedEditorAssemblies (154ms)
				LogAssemblyErrors (0ms)
				InitializePlatformSupportModulesInManaged (5ms)
				SetLoadedEditorAssemblies (0ms)
				RefreshPlugins (41ms)
				BeforeProcessingInitializeOnLoad (1ms)
				ProcessInitializeOnLoadAttributes (82ms)
				ProcessInitializeOnLoadMethodAttributes (25ms)
				AfterProcessingInitializeOnLoad (0ms)
				EditorAssembliesLoaded (0ms)
			ExecutionOrderSort2 (0ms)
			AwakeInstancesAfterBackupRestoration (0ms)
Platform modules already initialized, skipping
Registering precompiled user dll's ...
Registered in 0.002615 seconds.
Begin MonoManager ReloadAssembly
Symbol file LoadedFromMemory doesn't match image C:\Users\FireyEcho\Documents\Unity Projects\FighterPlanes\Library\PackageCache\com.unity.visualscripting@1.8.0\Editor\VisualScripting.Core\Dependencies\YamlDotNet\Unity.VisualScripting.YamlDotNet.dll
Symbol file LoadedFromMemory doesn't match image C:\Users\FireyEcho\Documents\Unity Projects\FighterPlanes\Library\PackageCache\com.unity.visualscripting@1.8.0\Editor\VisualScripting.Core\Dependencies\DotNetZip\Unity.VisualScripting.IonicZip.dll
Native extension for WindowsStandalone target not found
Native extension for WebGL target not found
Refreshing native plugins compatible for Editor in 0.34 ms, found 3 plugins.
Preloading 0 native plugins for Editor in 0.00 ms.
Mono: successfully reloaded assembly
- Completed reload, in  0.577 seconds
Domain Reload Profiling:
	ReloadAssembly (578ms)
		BeginReloadAssembly (65ms)
			ExecutionOrderSort (0ms)
			DisableScriptedObjects (3ms)
			BackupInstance (0ms)
			ReleaseScriptingObjects (0ms)
			CreateAndSetChildDomain (11ms)
		EndReloadAssembly (457ms)
			LoadAssemblies (76ms)
			RebuildTransferFunctionScriptingTraits (0ms)
			SetupTypeCache (140ms)
			ReleaseScriptCaches (0ms)
			RebuildScriptCaches (28ms)
			SetupLoadedEditorAssemblies (188ms)
				LogAssemblyErrors (0ms)
				InitializePlatformSupportModulesInManaged (3ms)
				SetLoadedEditorAssemblies (0ms)
				RefreshPlugins (0ms)
				BeforeProcessingInitializeOnLoad (43ms)
				ProcessInitializeOnLoadAttributes (126ms)
				ProcessInitializeOnLoadMethodAttributes (11ms)
				AfterProcessingInitializeOnLoad (4ms)
				EditorAssembliesLoaded (0ms)
			ExecutionOrderSort2 (0ms)
			AwakeInstancesAfterBackupRestoration (4ms)
Platform modules already initialized, skipping
========================================================================
Worker process is ready to serve import requests
Launched and connected shader compiler UnityShaderCompiler.exe after 0.03 seconds
Refreshing native plugins compatible for Editor in 0.35 ms, found 3 plugins.
Preloading 0 native plugins for Editor in 0.00 ms.
Unloading 3060 Unused Serialized files (Serialized files now loaded: 0)
Unloading 22 unused Assets / (56.7 KB). Loaded Objects now: 3522.
Memory consumption went from 107.8 MB to 107.8 MB.
Total: 1.663100 ms (FindLiveObjects: 0.126200 ms CreateObjectMapping: 0.044200 ms MarkObjects: 1.456800 ms  DeleteObjects: 0.035300 ms)

AssetImportParameters requested are different than current active one (requested -> active):
  custom:video-decoder-ogg-theora: a1e56fd34408186e4bbccfd4996cb3dc -> 
  custom:container-muxer-webm: aa71ff27fc2769a1b78a27578f13a17b -> 
  custom:container-demuxer-webm: 4f35f7cbe854078d1ac9338744f61a02 -> 
  custom:video-encoder-webm-vp8: eb34c28f22e8b96e1ab97ce403110664 -> 
  custom:audio-encoder-webm-vorbis: bf7c407c2cedff20999df2af8eb42d56 -> 
  custom:framework-win-MediaFoundation: 216162199b28c13a410421893ffa2e32 -> 
  custom:container-demuxer-ogg: 62fdf1f143b41e24485cea50d1cbac27 -> 
  custom:video-decoder-webm-vp8: 9c59270c3fd7afecdb556c50c9e8de78 -> 
  custom:audio-decoder-ogg-vorbis: bf7c407c2cedff20999df2af8eb42d56 -> 
========================================================================
Received Prepare
Registering precompiled user dll's ...
Registered in 0.002908 seconds.
Begin MonoManager ReloadAssembly
Symbol file LoadedFromMemory doesn't match image C:\Users\FireyEcho\Documents\Unity Projects\FighterPlanes\Library\PackageCache\com.unity.visualscripting@1.8.0\Editor\VisualScripting.Core\Dependencies\YamlDotNet\Unity.VisualScripting.YamlDotNet.dll
Symbol file LoadedFromMemory doesn't match image C:\Users\FireyEcho\Documents\Unity Projects\FighterPlanes\Library\PackageCache\com.unity.visualscripting@1.8.0\Editor\VisualScripting.Core\Dependencies\DotNetZip\Unity.VisualScripting.IonicZip.dll
Native extension for WindowsStandalone target not found
Native extension for WebGL target not found
Refreshing native plugins compatible for Editor in 0.36 ms, found 3 plugins.
Preloading 0 native plugins for Editor in 0.00 ms.
Mono: successfully reloaded assembly
- Completed reload, in  0.529 seconds
Domain Reload Profiling:
	ReloadAssembly (530ms)
		BeginReloadAssembly (81ms)
			ExecutionOrderSort (0ms)
			DisableScriptedObjects (3ms)
			BackupInstance (0ms)
			ReleaseScriptingObjects (0ms)
			CreateAndSetChildDomain (19ms)
		EndReloadAssembly (398ms)
			LoadAssemblies (49ms)
			RebuildTransferFunctionScriptingTraits (0ms)
			SetupTypeCache (144ms)
			ReleaseScriptCaches (1ms)
			RebuildScriptCaches (21ms)
			SetupLoadedEditorAssemblies (162ms)
				LogAssemblyErrors (0ms)
				InitializePlatformSupportModulesInManaged (4ms)
				SetLoadedEditorAssemblies (0ms)
				RefreshPlugins (0ms)
				BeforeProcessingInitializeOnLoad (34ms)
				ProcessInitializeOnLoadAttributes (110ms)
				ProcessInitializeOnLoadMethodAttributes (10ms)
				AfterProcessingInitializeOnLoad (4ms)
				EditorAssembliesLoaded (0ms)
			ExecutionOrderSort2 (0ms)
			AwakeInstancesAfterBackupRestoration (4ms)
Platform modules already initialized, skipping
Refreshing native plugins compatible for Editor in 0.83 ms, found 3 plugins.
Preloading 0 native plugins for Editor in 0.00 ms.
Unloading 3053 Unused Serialized files (Serialized files now loaded: 0)
Unloading 15 unused Assets / (24.7 KB). Loaded Objects now: 3525.
Memory consumption went from 107.5 MB to 107.5 MB.
Total: 1.530500 ms (FindLiveObjects: 0.122100 ms CreateObjectMapping: 0.044300 ms MarkObjects: 1.353800 ms  DeleteObjects: 0.009700 ms)

AssetImportParameters requested are different than current active one (requested -> active):
  custom:video-decoder-ogg-theora: a1e56fd34408186e4bbccfd4996cb3dc -> 
  custom:container-muxer-webm: aa71ff27fc2769a1b78a27578f13a17b -> 
  custom:container-demuxer-webm: 4f35f7cbe854078d1ac9338744f61a02 -> 
  custom:video-encoder-webm-vp8: eb34c28f22e8b96e1ab97ce403110664 -> 
  custom:audio-encoder-webm-vorbis: bf7c407c2cedff20999df2af8eb42d56 -> 
  custom:framework-win-MediaFoundation: 216162199b28c13a410421893ffa2e32 -> 
  custom:container-demuxer-ogg: 62fdf1f143b41e24485cea50d1cbac27 -> 
  custom:video-decoder-webm-vp8: 9c59270c3fd7afecdb556c50c9e8de78 -> 
  custom:audio-decoder-ogg-vorbis: bf7c407c2cedff20999df2af8eb42d56 -> 
========================================================================
Received Prepare
Registering precompiled user dll's ...
Registered in 0.002998 seconds.
Begin MonoManager ReloadAssembly
Symbol file LoadedFromMemory doesn't match image C:\Users\FireyEcho\Documents\Unity Projects\FighterPlanes\Library\PackageCache\com.unity.visualscripting@1.8.0\Editor\VisualScripting.Core\Dependencies\YamlDotNet\Unity.VisualScripting.YamlDotNet.dll
Symbol file LoadedFromMemory doesn't match image C:\Users\FireyEcho\Documents\Unity Projects\FighterPlanes\Library\PackageCache\com.unity.visualscripting@1.8.0\Editor\VisualScripting.Core\Dependencies\DotNetZip\Unity.VisualScripting.IonicZip.dll
Native extension for WindowsStandalone target not found
Native extension for WebGL target not found
Refreshing native plugins compatible for Editor in 0.37 ms, found 3 plugins.
Preloading 0 native plugins for Editor in 0.00 ms.
Mono: successfully reloaded assembly
- Completed reload, in  0.531 seconds
Domain Reload Profiling:
	ReloadAssembly (531ms)
		BeginReloadAssembly (83ms)
			ExecutionOrderSort (0ms)
			DisableScriptedObjects (2ms)
			BackupInstance (0ms)
			ReleaseScriptingObjects (0ms)
			CreateAndSetChildDomain (20ms)
		EndReloadAssembly (396ms)
			LoadAssemblies (50ms)
			RebuildTransferFunctionScriptingTraits (0ms)
			SetupTypeCache (143ms)
			ReleaseScriptCaches (1ms)
			RebuildScriptCaches (22ms)
			SetupLoadedEditorAssemblies (162ms)
				LogAssemblyErrors (0ms)
				InitializePlatformSupportModulesInManaged (4ms)
				SetLoadedEditorAssemblies (0ms)
				RefreshPlugins (0ms)
				BeforeProcessingInitializeOnLoad (35ms)
				ProcessInitializeOnLoadAttributes (108ms)
				ProcessInitializeOnLoadMethodAttributes (10ms)
				AfterProcessingInitializeOnLoad (4ms)
				EditorAssembliesLoaded (0ms)
			ExecutionOrderSort2 (0ms)
			AwakeInstancesAfterBackupRestoration (4ms)
Platform modules already initialized, skipping
Refreshing native plugins compatible for Editor in 0.95 ms, found 3 plugins.
Preloading 0 native plugins for Editor in 0.00 ms.
Unloading 3052 Unused Serialized files (Serialized files now loaded: 0)
Unloading 16 unused Assets / (24.6 KB). Loaded Objects now: 3527.
Memory consumption went from 107.5 MB to 107.5 MB.
Total: 1.479500 ms (FindLiveObjects: 0.120600 ms CreateObjectMapping: 0.043000 ms MarkObjects: 1.302700 ms  DeleteObjects: 0.012600 ms)

AssetImportParameters requested are different than current active one (requested -> active):
  custom:video-decoder-ogg-theora: a1e56fd34408186e4bbccfd4996cb3dc -> 
  custom:container-muxer-webm: aa71ff27fc2769a1b78a27578f13a17b -> 
  custom:container-demuxer-webm: 4f35f7cbe854078d1ac9338744f61a02 -> 
  custom:video-encoder-webm-vp8: eb34c28f22e8b96e1ab97ce403110664 -> 
  custom:audio-encoder-webm-vorbis: bf7c407c2cedff20999df2af8eb42d56 -> 
  custom:framework-win-MediaFoundation: 216162199b28c13a410421893ffa2e32 -> 
  custom:container-demuxer-ogg: 62fdf1f143b41e24485cea50d1cbac27 -> 
  custom:video-decoder-webm-vp8: 9c59270c3fd7afecdb556c50c9e8de78 -> 
  custom:audio-decoder-ogg-vorbis: bf7c407c2cedff20999df2af8eb42d56 -> 
========================================================================
Received Prepare
Registering precompiled user dll's ...
Registered in 0.002390 seconds.
Begin MonoManager ReloadAssembly
Symbol file LoadedFromMemory doesn't match image C:\Users\FireyEcho\Documents\Unity Projects\FighterPlanes\Library\PackageCache\com.unity.visualscripting@1.8.0\Editor\VisualScripting.Core\Dependencies\YamlDotNet\Unity.VisualScripting.YamlDotNet.dll
Symbol file LoadedFromMemory doesn't match image C:\Users\FireyEcho\Documents\Unity Projects\FighterPlanes\Library\PackageCache\com.unity.visualscripting@1.8.0\Editor\VisualScripting.Core\Dependencies\DotNetZip\Unity.VisualScripting.IonicZip.dll
Native extension for WindowsStandalone target not found
Native extension for WebGL target not found
Refreshing native plugins compatible for Editor in 0.36 ms, found 3 plugins.
Preloading 0 native plugins for Editor in 0.00 ms.
Mono: successfully reloaded assembly
- Completed reload, in  0.536 seconds
Domain Reload Profiling:
	ReloadAssembly (536ms)
		BeginReloadAssembly (85ms)
			ExecutionOrderSort (0ms)
			DisableScriptedObjects (3ms)
			BackupInstance (0ms)
			ReleaseScriptingObjects (0ms)
			CreateAndSetChildDomain (20ms)
		EndReloadAssembly (401ms)
			LoadAssemblies (50ms)
			RebuildTransferFunctionScriptingTraits (0ms)
			SetupTypeCache (140ms)
			ReleaseScriptCaches (1ms)
			RebuildScriptCaches (29ms)
			SetupLoadedEditorAssemblies (155ms)
				LogAssemblyErrors (0ms)
				InitializePlatformSupportModulesInManaged (4ms)
				SetLoadedEditorAssemblies (0ms)
				RefreshPlugins (0ms)
				BeforeProcessingInitializeOnLoad (33ms)
				ProcessInitializeOnLoadAttributes (104ms)
				ProcessInitializeOnLoadMethodAttributes (10ms)
				AfterProcessingInitializeOnLoad (3ms)
				EditorAssembliesLoaded (0ms)
			ExecutionOrderSort2 (0ms)
			AwakeInstancesAfterBackupRestoration (3ms)
Platform modules already initialized, skipping
Refreshing native plugins compatible for Editor in 0.84 ms, found 3 plugins.
Preloading 0 native plugins for Editor in 0.00 ms.
Unloading 3052 Unused Serialized files (Serialized files now loaded: 0)
Unloading 15 unused Assets / (24.7 KB). Loaded Objects now: 3530.
Memory consumption went from 107.5 MB to 107.5 MB.
Total: 1.561700 ms (FindLiveObjects: 0.118600 ms CreateObjectMapping: 0.048500 ms MarkObjects: 1.380800 ms  DeleteObjects: 0.012900 ms)

AssetImportParameters requested are different than current active one (requested -> active):
  custom:video-decoder-ogg-theora: a1e56fd34408186e4bbccfd4996cb3dc -> 
  custom:container-muxer-webm: aa71ff27fc2769a1b78a27578f13a17b -> 
  custom:container-demuxer-webm: 4f35f7cbe854078d1ac9338744f61a02 -> 
  custom:video-encoder-webm-vp8: eb34c28f22e8b96e1ab97ce403110664 -> 
  custom:audio-encoder-webm-vorbis: bf7c407c2cedff20999df2af8eb42d56 -> 
  custom:framework-win-MediaFoundation: 216162199b28c13a410421893ffa2e32 -> 
  custom:container-demuxer-ogg: 62fdf1f143b41e24485cea50d1cbac27 -> 
  custom:video-decoder-webm-vp8: 9c59270c3fd7afecdb556c50c9e8de78 -> 
  custom:audio-decoder-ogg-vorbis: bf7c407c2cedff20999df2af8eb42d56 -> 
========================================================================
Received Import Request.
  Time since last request: 18441.763164 seconds.
  path: Assets/Audio/explosion_sound.wav
  artifactKey: Guid(acac04503d5ee8a48ada8c5affb74dd0) Importer(815301076,1909f56bfc062723c751e8b465ee728b)
Start importing Assets/Audio/explosion_sound.wav using Guid(acac04503d5ee8a48ada8c5affb74dd0) Importer(815301076,1909f56bfc062723c751e8b465ee728b)  -> (artifact id: 'dbc73ba706072a7fd5ba62611da0c74e') in 0.078331 seconds 
========================================================================
Received Import Request.
  Time since last request: 0.000016 seconds.
  path: Assets/Audio/shoot.wav
  artifactKey: Guid(34e2182327dd7194a8323ed84c67f2c1) Importer(815301076,1909f56bfc062723c751e8b465ee728b)
Start importing Assets/Audio/shoot.wav using Guid(34e2182327dd7194a8323ed84c67f2c1) Importer(815301076,1909f56bfc062723c751e8b465ee728b)  -> (artifact id: 'ae54c9f36dc1624c0a5be4c8e5782c5d') in 0.008207 seconds 
========================================================================
Received Import Request.
  Time since last request: 0.000023 seconds.
  path: Assets/Audio/music.wav
  artifactKey: Guid(b2a104b21b82f9c4fbd20f10f2802ce4) Importer(815301076,1909f56bfc062723c751e8b465ee728b)
Start importing Assets/Audio/music.wav using Guid(b2a104b21b82f9c4fbd20f10f2802ce4) Importer(815301076,1909f56bfc062723c751e8b465ee728b)  -> (artifact id: '45787571dbe5c23e1f23c7f36b56b4d8') in 0.007878 seconds 
========================================================================
Received Import Request.
  Time since last request: 6.169428 seconds.
  path: Assets/Sprites/Coin/frame-3.png
  artifactKey: Guid(a2d215e0352a673439903153864547eb) Importer(815301076,1909f56bfc062723c751e8b465ee728b)
Start importing Assets/Sprites/Coin/frame-3.png using Guid(a2d215e0352a673439903153864547eb) Importer(815301076,1909f56bfc062723c751e8b465ee728b)  -> (artifact id: 'a45dca7c5eba5dc009feb375c2df9947') in 0.025586 seconds 
========================================================================
Received Import Request.
  Time since last request: 0.000013 seconds.
  path: Assets/Sprites/Coin/frame-8.png
  artifactKey: Guid(081336f8536c546499f1fc62ad516338) Importer(815301076,1909f56bfc062723c751e8b465ee728b)
Start importing Assets/Sprites/Coin/frame-8.png using Guid(081336f8536c546499f1fc62ad516338) Importer(815301076,1909f56bfc062723c751e8b465ee728b)  -> (artifact id: '821ff1d0e99537b2bca8bea4fa69a74e') in 0.008263 seconds 
========================================================================
Received Import Request.
  Time since last request: 0.000013 seconds.
  path: Assets/Sprites/Coin/frame-9.png
  artifactKey: Guid(357c9099ce6827e41a8a8c2b7821545b) Importer(815301076,1909f56bfc062723c751e8b465ee728b)
Start importing Assets/Sprites/Coin/frame-9.png using Guid(357c9099ce6827e41a8a8c2b7821545b) Importer(815301076,1909f56bfc062723c751e8b465ee728b)  -> (artifact id: '452203c86922648f44941956f094bb55') in 0.008129 seconds 
========================================================================
Received Import Request.
  Time since last request: 0.442936 seconds.
  path: Assets/Sprites/Explosion/Explosion_00002.png
  artifactKey: Guid(eb17731c0c8f22441935066210d41dc8) Importer(815301076,1909f56bfc062723c751e8b465ee728b)
Start importing Assets/Sprites/Explosion/Explosion_00002.png using Guid(eb17731c0c8f22441935066210d41dc8) Importer(815301076,1909f56bfc062723c751e8b465ee728b)  -> (artifact id: '8cddb8aa86dad86fefa7393759731c5b') in 0.010741 seconds 
========================================================================
Received Import Request.
  Time since last request: 0.000927 seconds.
  path: Assets/Sprites/Explosion/Explosion_00013.png
  artifactKey: Guid(d485b131dc579ed4e926ebec2c15848c) Importer(815301076,1909f56bfc062723c751e8b465ee728b)
Start importing Assets/Sprites/Explosion/Explosion_00013.png using Guid(d485b131dc579ed4e926ebec2c15848c) Importer(815301076,1909f56bfc062723c751e8b465ee728b)  -> (artifact id: '3d2d3f86da3dea22257f15243d63f20e') in 0.016831 seconds 
========================================================================
Received Import Request.
  Time since last request: 0.000016 seconds.
  path: Assets/Sprites/Explosion/Explosion_00091.png
  artifactKey: Guid(46926ca9bbb12bf4095bad3992157e66) Importer(815301076,1909f56bfc062723c751e8b465ee728b)
Start importing Assets/Sprites/Explosion/Explosion_00091.png using Guid(46926ca9bbb12bf4095bad3992157e66) Importer(815301076,1909f56bfc062723c751e8b465ee728b)  -> (artifact id: '495f1f29cf91cfb0a04004518631a898') in 0.008733 seconds 
========================================================================
Received Import Request.
  Time since last request: 0.000019 seconds.
  path: Assets/Sprites/Explosion/Explosion_00062.png
  artifactKey: Guid(17cb2fe10c4ec9348844e9eb82889dc7) Importer(815301076,1909f56bfc062723c751e8b465ee728b)
Start importing Assets/Sprites/Explosion/Explosion_00062.png using Guid(17cb2fe10c4ec9348844e9eb82889dc7) Importer(815301076,1909f56bfc062723c751e8b465ee728b)  -> (artifact id: '4f971d387ee2afacbbaa7e7b98231673') in 0.009657 seconds 
========================================================================
Received Import Request.
  Time since last request: 0.000013 seconds.
  path: Assets/Sprites/Explosion/Explosion_00025.png
  artifactKey: Guid(7ad13b9cbf186a74db9d55d6b78a5068) Importer(815301076,1909f56bfc062723c751e8b465ee728b)
Start importing Assets/Sprites/Explosion/Explosion_00025.png using Guid(7ad13b9cbf186a74db9d55d6b78a5068) Importer(815301076,1909f56bfc062723c751e8b465ee728b)  -> (artifact id: '0f1a694cc9ad032422cb4ba3169fcf0e') in 0.010326 seconds 
========================================================================
Received Import Request.
  Time since last request: 0.000013 seconds.
  path: Assets/Sprites/Explosion/Explosion_00079.png
  artifactKey: Guid(10edf4d7a85970f4ab23d546593eaf95) Importer(815301076,1909f56bfc062723c751e8b465ee728b)
Start importing Assets/Sprites/Explosion/Explosion_00079.png using Guid(10edf4d7a85970f4ab23d546593eaf95) Importer(815301076,1909f56bfc062723c751e8b465ee728b)  -> (artifact id: '82cb53b93261e38b9f40e8affe53163f') in 0.009514 seconds 
========================================================================
Received Import Request.
  Time since last request: 0.000015 seconds.
  path: Assets/Sprites/Explosion/Explosion_00031.png
  artifactKey: Guid(eff75c7e47209f449991e88570f9bf72) Importer(815301076,1909f56bfc062723c751e8b465ee728b)
Start importing Assets/Sprites/Explosion/Explosion_00031.png using Guid(eff75c7e47209f449991e88570f9bf72) Importer(815301076,1909f56bfc062723c751e8b465ee728b)  -> (artifact id: 'ecfd44c5971103b6065aae6ac85a8215') in 0.009272 seconds 
========================================================================
Received Import Request.
  Time since last request: 0.000013 seconds.
  path: Assets/Sprites/Explosion/Explosion_00053.png
  artifactKey: Guid(7f4fea337ddde4c46875aa3e685b9092) Importer(815301076,1909f56bfc062723c751e8b465ee728b)
Start importing Assets/Sprites/Explosion/Explosion_00053.png using Guid(7f4fea337ddde4c46875aa3e685b9092) Importer(815301076,1909f56bfc062723c751e8b465ee728b)  -> (artifact id: 'fbd4ef4144036dc7684d7e05deeb4571') in 0.008870 seconds 
========================================================================
Received Import Request.
  Time since last request: 0.000012 seconds.
  path: Assets/Sprites/Explosion/Explosion_00057.png
  artifactKey: Guid(74e006320b8043b41b894d5862eb1dba) Importer(815301076,1909f56bfc062723c751e8b465ee728b)
Start importing Assets/Sprites/Explosion/Explosion_00057.png using Guid(74e006320b8043b41b894d5862eb1dba) Importer(815301076,1909f56bfc062723c751e8b465ee728b)  -> (artifact id: '99a069e0f931ba01ba0366acfe31fef2') in 0.009137 seconds 
========================================================================
Received Import Request.
  Time since last request: 0.000012 seconds.
  path: Assets/Sprites/Explosion/Explosion_00016.png
  artifactKey: Guid(2856c5f6c005e5a41b7f097649f8c353) Importer(815301076,1909f56bfc062723c751e8b465ee728b)
Start importing Assets/Sprites/Explosion/Explosion_00016.png using Guid(2856c5f6c005e5a41b7f097649f8c353) Importer(815301076,1909f56bfc062723c751e8b465ee728b)  -> (artifact id: '75901fc7497cae6d1df45110e2fd7280') in 0.009006 seconds 
========================================================================
Received Import Request.
  Time since last request: 0.000013 seconds.
  path: Assets/Sprites/Explosion/Explosion_00066.png
  artifactKey: Guid(58a5e0faa67ab304d8b5167400362abe) Importer(815301076,1909f56bfc062723c751e8b465ee728b)
Start importing Assets/Sprites/Explosion/Explosion_00066.png using Guid(58a5e0faa67ab304d8b5167400362abe) Importer(815301076,1909f56bfc062723c751e8b465ee728b)  -> (artifact id: '4590560e19d0705301387b11b0049be1') in 0.009392 seconds 
========================================================================
Received Import Request.
  Time since last request: 0.000013 seconds.
  path: Assets/Sprites/Explosion/Explosion_00052.png
  artifactKey: Guid(a3d62d2f2b7341b41831d10cf5498c72) Importer(815301076,1909f56bfc062723c751e8b465ee728b)
Start importing Assets/Sprites/Explosion/Explosion_00052.png using Guid(a3d62d2f2b7341b41831d10cf5498c72) Importer(815301076,1909f56bfc062723c751e8b465ee728b)  -> (artifact id: '0b66454388c5cfb04cd0a36a91ceee92') in 0.009060 seconds 
========================================================================
Received Import Request.
  Time since last request: 0.000013 seconds.
  path: Assets/Sprites/Explosion/Explosion_00099.png
  artifactKey: Guid(94c8b68854be1f94b9ff63a89a2f2664) Importer(815301076,1909f56bfc062723c751e8b465ee728b)
Start importing Assets/Sprites/Explosion/Explosion_00099.png using Guid(94c8b68854be1f94b9ff63a89a2f2664) Importer(815301076,1909f56bfc062723c751e8b465ee728b)  -> (artifact id: '3c1f7f819627149b29e3855f3c00d300') in 0.008358 seconds 
========================================================================
Received Import Request.
  Time since last request: 0.000012 seconds.
  path: Assets/Sprites/Explosion/Explosion_00051.png
  artifactKey: Guid(1a3b099f7e63c5e49b41e2072a9a332a) Importer(815301076,1909f56bfc062723c751e8b465ee728b)
Start importing Assets/Sprites/Explosion/Explosion_00051.png using Guid(1a3b099f7e63c5e49b41e2072a9a332a) Importer(815301076,1909f56bfc062723c751e8b465ee728b)  -> (artifact id: '150c586ec6203fd572a4ef179e6340ef') in 0.008655 seconds 
========================================================================
Received Import Request.
  Time since last request: 0.000011 seconds.
  path: Assets/Sprites/Explosion/Explosion_00056.png
  artifactKey: Guid(759a389904d4b994383ecaadaa814dc3) Importer(815301076,1909f56bfc062723c751e8b465ee728b)
Start importing Assets/Sprites/Explosion/Explosion_00056.png using Guid(759a389904d4b994383ecaadaa814dc3) Importer(815301076,1909f56bfc062723c751e8b465ee728b)  -> (artifact id: 'ce9a7ae3f1082a9d6f99880c986eb9f7') in 0.009721 seconds 
========================================================================
Received Import Request.
  Time since last request: 0.000022 seconds.
  path: Assets/Sprites/Explosion/Explosion_00049.png
  artifactKey: Guid(3db1f2102e1ff974b965d703b8dbc9a7) Importer(815301076,1909f56bfc062723c751e8b465ee728b)
Start importing Assets/Sprites/Explosion/Explosion_00049.png using Guid(3db1f2102e1ff974b965d703b8dbc9a7) Importer(815301076,1909f56bfc062723c751e8b465ee728b)  -> (artifact id: 'da02c4783a5314e54ec9d8c9a98b31fc') in 0.009337 seconds 
========================================================================
Received Import Request.
  Time since last request: 0.000013 seconds.
  path: Assets/Sprites/Explosion/Explosion_00082.png
  artifactKey: Guid(b11fae1330745a048a81fb89f6592424) Importer(815301076,1909f56bfc062723c751e8b465ee728b)
Start importing Assets/Sprites/Explosion/Explosion_00082.png using Guid(b11fae1330745a048a81fb89f6592424) Importer(815301076,1909f56bfc062723c751e8b465ee728b)  -> (artifact id: 'af1dcf8146a1fa51cb866f2fbf568b7b') in 0.009421 seconds 
========================================================================
Received Import Request.
  Time since last request: 0.000012 seconds.
  path: Assets/Sprites/Explosion/Explosion_00088.png
  artifactKey: Guid(1cf720484ab78794a8d40c59ddd508fe) Importer(815301076,1909f56bfc062723c751e8b465ee728b)
Start importing Assets/Sprites/Explosion/Explosion_00088.png using Guid(1cf720484ab78794a8d40c59ddd508fe) Importer(815301076,1909f56bfc062723c751e8b465ee728b)  -> (artifact id: '928fdc200c818fcb7df292c04faa7522') in 0.009379 seconds 
========================================================================
Received Import Request.
  Time since last request: 0.000012 seconds.
  path: Assets/Sprites/Explosion/Explosion_00075.png
  artifactKey: Guid(645c1297784c2344c8e85392669c8068) Importer(815301076,1909f56bfc062723c751e8b465ee728b)
Start importing Assets/Sprites/Explosion/Explosion_00075.png using Guid(645c1297784c2344c8e85392669c8068) Importer(815301076,1909f56bfc062723c751e8b465ee728b)  -> (artifact id: 'b8f8ac4d5dfff670e176ec3967b1cdd6') in 0.009935 seconds 
========================================================================
Received Import Request.
  Time since last request: 0.000012 seconds.
  path: Assets/Sprites/Explosion/Explosion_00083.png
  artifactKey: Guid(51752c2ef4af07d4a856834a90fb4a90) Importer(815301076,1909f56bfc062723c751e8b465ee728b)
Start importing Assets/Sprites/Explosion/Explosion_00083.png using Guid(51752c2ef4af07d4a856834a90fb4a90) Importer(815301076,1909f56bfc062723c751e8b465ee728b)  -> (artifact id: '8a378c5732db1fd49e861bc0d1253ca0') in 0.008625 seconds 
========================================================================
Received Import Request.
  Time since last request: 0.000018 seconds.
  path: Assets/Sprites/Explosion/Explosion_00026.png
  artifactKey: Guid(e9f8d5e11faf80f4882d5543db67b612) Importer(815301076,1909f56bfc062723c751e8b465ee728b)
Start importing Assets/Sprites/Explosion/Explosion_00026.png using Guid(e9f8d5e11faf80f4882d5543db67b612) Importer(815301076,1909f56bfc062723c751e8b465ee728b)  -> (artifact id: 'ed414c052f438737e4fae797f2f80d6c') in 0.009823 seconds 
========================================================================
Received Import Request.
  Time since last request: 0.000019 seconds.
  path: Assets/Sprites/Explosion/Explosion_00012.png
  artifactKey: Guid(faba4380161d8cf48ac394b8ef56e6f6) Importer(815301076,1909f56bfc062723c751e8b465ee728b)
Start importing Assets/Sprites/Explosion/Explosion_00012.png using Guid(faba4380161d8cf48ac394b8ef56e6f6) Importer(815301076,1909f56bfc062723c751e8b465ee728b)  -> (artifact id: '58600bc00f9372ac114624da196093b3') in 0.009690 seconds 
========================================================================
Received Import Request.
  Time since last request: 0.000021 seconds.
  path: Assets/Sprites/Explosion/Explosion_00034.png
  artifactKey: Guid(18b3606f2a5ab8e43be6ade3905cd136) Importer(815301076,1909f56bfc062723c751e8b465ee728b)
Start importing Assets/Sprites/Explosion/Explosion_00034.png using Guid(18b3606f2a5ab8e43be6ade3905cd136) Importer(815301076,1909f56bfc062723c751e8b465ee728b)  -> (artifact id: '5cfb51be6e841f36a7a806bf796c7140') in 0.019305 seconds 
========================================================================
Received Import Request.
  Time since last request: 0.000012 seconds.
  path: Assets/Sprites/Explosion/Explosion_00008.png
  artifactKey: Guid(7988807c231d4a444bc28cd6c73449e5) Importer(815301076,1909f56bfc062723c751e8b465ee728b)
Start importing Assets/Sprites/Explosion/Explosion_00008.png using Guid(7988807c231d4a444bc28cd6c73449e5) Importer(815301076,1909f56bfc062723c751e8b465ee728b)  -> (artifact id: 'c5d896efa0a7ee97930f48e6e0664898') in 0.009364 seconds 
========================================================================
Received Import Request.
  Time since last request: 0.000012 seconds.
  path: Assets/Sprites/Explosion/Explosion_00065.png
  artifactKey: Guid(0c5ee54699705d54ead6184bf5ff40f0) Importer(815301076,1909f56bfc062723c751e8b465ee728b)
Start importing Assets/Sprites/Explosion/Explosion_00065.png using Guid(0c5ee54699705d54ead6184bf5ff40f0) Importer(815301076,1909f56bfc062723c751e8b465ee728b)  -> (artifact id: '089d125b1ea819a5fac3bfb032969ea0') in 0.009883 seconds 
========================================================================
Received Import Request.
  Time since last request: 0.000016 seconds.
  path: Assets/Sprites/Explosion/Explosion_00077.png
  artifactKey: Guid(b931be8f1f9802a42bcb4608ebf44b1c) Importer(815301076,1909f56bfc062723c751e8b465ee728b)
Start importing Assets/Sprites/Explosion/Explosion_00077.png using Guid(b931be8f1f9802a42bcb4608ebf44b1c) Importer(815301076,1909f56bfc062723c751e8b465ee728b)  -> (artifact id: '34d58cd5958ac09e9977aa0231486dff') in 0.009513 seconds 
========================================================================
Received Import Request.
  Time since last request: 0.715378 seconds.
  path: Assets/Sprites/Health/frame-3.png
  artifactKey: Guid(7cc2d8366bfa9dd48afe879c6d85c315) Importer(815301076,1909f56bfc062723c751e8b465ee728b)
Start importing Assets/Sprites/Health/frame-3.png using Guid(7cc2d8366bfa9dd48afe879c6d85c315) Importer(815301076,1909f56bfc062723c751e8b465ee728b)  -> (artifact id: '070f428cd939ca7415de837463f920f7') in 0.009517 seconds 
========================================================================
Received Import Request.
  Time since last request: 0.000013 seconds.
  path: Assets/Sprites/Health/frame-7.png
  artifactKey: Guid(849f63851b509224a9051914a9b06376) Importer(815301076,1909f56bfc062723c751e8b465ee728b)
Start importing Assets/Sprites/Health/frame-7.png using Guid(849f63851b509224a9051914a9b06376) Importer(815301076,1909f56bfc062723c751e8b465ee728b)  -> (artifact id: 'f751698a8a5c3c0ba48e4ecc79d498bb') in 0.008336 seconds 
========================================================================
Received Import Request.
  Time since last request: 1.860953 seconds.
  path: Assets/Sprites/Player_Shield/Shields_00003.png
  artifactKey: Guid(253a8028d66a8f343abfeb2bf8adf4ae) Importer(815301076,1909f56bfc062723c751e8b465ee728b)
Start importing Assets/Sprites/Player_Shield/Shields_00003.png using Guid(253a8028d66a8f343abfeb2bf8adf4ae) Importer(815301076,1909f56bfc062723c751e8b465ee728b)  -> (artifact id: 'ba51a96fd398667b3cb1239bcd4f0778') in 0.012563 seconds 
========================================================================
Received Import Request.
  Time since last request: 0.000013 seconds.
  path: Assets/Sprites/Player_Shield/Shields_00015.png
  artifactKey: Guid(5de1dda975eb3a840b78fb794a8df424) Importer(815301076,1909f56bfc062723c751e8b465ee728b)
Start importing Assets/Sprites/Player_Shield/Shields_00015.png using Guid(5de1dda975eb3a840b78fb794a8df424) Importer(815301076,1909f56bfc062723c751e8b465ee728b)  -> (artifact id: '68117835319445cd03c2ae56dfa05a85') in 0.011257 seconds 
========================================================================
Received Import Request.
  Time since last request: 0.000012 seconds.
  path: Assets/Sprites/Player_Shield/Shields_00009.png
  artifactKey: Guid(b472afb8989780f41a30f10b28957dd3) Importer(815301076,1909f56bfc062723c751e8b465ee728b)
Start importing Assets/Sprites/Player_Shield/Shields_00009.png using Guid(b472afb8989780f41a30f10b28957dd3) Importer(815301076,1909f56bfc062723c751e8b465ee728b)  -> (artifact id: '7156a9c336903f1e227b9e4cd349fa13') in 0.012334 seconds 
========================================================================
Received Import Request.
  Time since last request: 0.697440 seconds.
  path: Assets/Sprites/Power Ups/frame-4.png
  artifactKey: Guid(b89c3cbb40f53d6409a7274f3da01f67) Importer(815301076,1909f56bfc062723c751e8b465ee728b)
Start importing Assets/Sprites/Power Ups/frame-4.png using Guid(b89c3cbb40f53d6409a7274f3da01f67) Importer(815301076,1909f56bfc062723c751e8b465ee728b)  -> (artifact id: '7ee89956df9b3f21170c36fb933890df') in 0.010224 seconds 
========================================================================
Received Import Request.
  Time since last request: 0.000013 seconds.
  path: Assets/Sprites/Power Ups/frame-9.png
  artifactKey: Guid(f61035f66c72672408e1a9a456a1310a) Importer(815301076,1909f56bfc062723c751e8b465ee728b)
Start importing Assets/Sprites/Power Ups/frame-9.png using Guid(f61035f66c72672408e1a9a456a1310a) Importer(815301076,1909f56bfc062723c751e8b465ee728b)  -> (artifact id: 'f15fb78aa323afa888396008f68d9370') in 0.008107 seconds 
========================================================================
Received Import Request.
  Time since last request: 0.728664 seconds.
  path: Assets/Sprites/Thruster/Thruster_00003.png
  artifactKey: Guid(90666ae1636560f46a3a4744453722a2) Importer(815301076,1909f56bfc062723c751e8b465ee728b)
Start importing Assets/Sprites/Thruster/Thruster_00003.png using Guid(90666ae1636560f46a3a4744453722a2) Importer(815301076,1909f56bfc062723c751e8b465ee728b)  -> (artifact id: '6eaf6d3e5698b3b09b2ef1779ca71c3a') in 0.017867 seconds 
========================================================================
Received Import Request.
  Time since last request: 0.000019 seconds.
  path: Assets/Sprites/Thruster/Thruster_00020.png
  artifactKey: Guid(05dceefbcd71b0643a44708859e52710) Importer(815301076,1909f56bfc062723c751e8b465ee728b)
Start importing Assets/Sprites/Thruster/Thruster_00020.png using Guid(05dceefbcd71b0643a44708859e52710) Importer(815301076,1909f56bfc062723c751e8b465ee728b)  -> (artifact id: '0ce611ca4f0199306448f39f2c6e1034') in 0.009840 seconds 
Editor requested this worker to shutdown with reason: Scaling down because of idle timeout
AssetImportWorker is now disconnected from the server
Process exiting
Exiting without the bug reporter. Application will terminate with return code 0